Collecting tox
  Using cached https://files.pythonhosted.org/packages/4a/bd/50cd91221508db5bb66e211ac327d0da4a5db6d0db5ad35d6fbf1e4af5dc/tox-3.7.0-py2.py3-none-any.whl
Collecting coveralls
  Using cached https://files.pythonhosted.org/packages/10/b6/f60e90515658a61e18d5769ed9ca0a8b6a9a95a432d7d40328dd16754087/coveralls-1.7.0-py2.py3-none-any.whl
Collecting pluggy<1,>=0.3.0 (from tox)
  Using cached https://files.pythonhosted.org/packages/84/e8/4ddac125b5a0e84ea6ffc93cfccf1e7ee1924e88f53c64e98227f0af2a5f/pluggy-0.9.0-py2.py3-none-any.whl
Requirement already satisfied: setuptools>=30.0.0 in /usr/local/lib/python3.6/site-packages (from tox) (40.8.0)
Collecting py<2,>=1.4.17 (from tox)
  Using cached https://files.pythonhosted.org/packages/76/bc/394ad449851729244a97857ee14d7cba61ddb268dce3db538ba2f2ba1f0f/py-1.8.0-py2.py3-none-any.whl
Collecting toml>=0.9.4 (from tox)
  Using cached https://files.pythonhosted.org/packages/a2/12/ced7105d2de62fa7c8fb5fce92cc4ce66b57c95fb875e9318dba7f8c5db0/toml-0.10.0-py2.py3-none-any.whl
Collecting virtualenv>=1.11.2 (from tox)
  Using cached https://files.pythonhosted.org/packages/33/5d/314c760d4204f64e4a968275182b7751bd5c3249094757b39ba987dcfb5a/virtualenv-16.4.3-py2.py3-none-any.whl
Collecting six<2,>=1.0.0 (from tox)
  Using cached https://files.pythonhosted.org/packages/73/fb/00a976f728d0d1fecfe898238ce23f502a721c0ac0ecfedb80e0d88c64e9/six-1.12.0-py2.py3-none-any.whl
Collecting filelock<4,>=3.0.0 (from tox)
  Using cached https://files.pythonhosted.org/packages/d7/ca/3c74396a9ed8a4cfab5459800edeef9a1269591cb21f5a49bd71a49c5fa2/filelock-3.0.10-py3-none-any.whl
Collecting docopt>=0.6.1 (from coveralls)
Collecting requests>=1.0.0 (from coveralls)
  Using cached https://files.pythonhosted.org/packages/7d/e3/20f3d364d6c8e5d2353c72a67778eb189176f08e873c9900e10c0287b84b/requests-2.21.0-py2.py3-none-any.whl
Collecting coverage>=3.6 (from coveralls)
  Using cached https://files.pythonhosted.org/packages/f8/4e/f28fc04019bac97d301512d904992791569234a06826cd420f78fba9a361/coverage-4.5.3-cp36-cp36m-manylinux1_x86_64.whl
Collecting chardet<3.1.0,>=3.0.2 (from requests>=1.0.0->coveralls)
  Using cached https://files.pythonhosted.org/packages/bc/a9/01ffebfb562e4274b6487b4bb1ddec7ca55ec7510b22e4c51f14098443b8/chardet-3.0.4-py2.py3-none-any.whl
Collecting urllib3<1.25,>=1.21.1 (from requests>=1.0.0->coveralls)
  Using cached https://files.pythonhosted.org/packages/62/00/ee1d7de624db8ba7090d1226aebefab96a2c71cd5cfa7629d6ad3f61b79e/urllib3-1.24.1-py2.py3-none-any.whl
Collecting idna<2.9,>=2.5 (from requests>=1.0.0->coveralls)
  Using cached https://files.pythonhosted.org/packages/14/2c/cd551d81dbe15200be1cf41cd03869a46fe7226e7450af7a6545bfc474c9/idna-2.8-py2.py3-none-any.whl
Collecting certifi>=2017.4.17 (from requests>=1.0.0->coveralls)
  Using cached https://files.pythonhosted.org/packages/60/75/f692a584e85b7eaba0e03827b3d51f45f571c2e793dd731e598828d380aa/certifi-2019.3.9-py2.py3-none-any.whl
Installing collected packages: pluggy, py, toml, virtualenv, six, filelock, tox, docopt, chardet, urllib3, idna, certifi, requests, coverage, coveralls
Successfully installed certifi-2019.3.9 chardet-3.0.4 coverage-4.5.3 coveralls-1.7.0 docopt-0.6.2 filelock-3.0.10 idna-2.8 pluggy-0.9.0 py-1.8.0 requests-2.21.0 six-1.12.0 toml-0.10.0 tox-3.7.0 urllib3-1.24.1 virtualenv-16.4.3
